<?xml version="1.0" encoding="UTF-8"?>
<!-- Generated by org.testng.reporters.JUnitReportReporter -->
<testsuite hostname="PARESH" name="main.java.util.ExecuteTestCases" tests="1" failures="0" timestamp="17 Sep 2017 18:02:08 GMT" time="853.589" errors="0">
  <testcase name="TC001" time="853.589" classname="main.java.util.ExecuteTestCases"/>
</testsuite> <!-- main.java.util.ExecuteTestCases -->
